<?xml version="1.0" encoding="UTF-8"?>
<testsuite xmlns:xsi="http://www.w3.org/2001/XMLSchema-instance" xsi:noNamespaceSchemaLocation="https://maven.apache.org/surefire/maven-surefire-plugin/xsd/surefire-test-report-3.0.xsd" version="3.0" name="com.example.demo.docgen.util.PlanComparisonTransformerTest" time="0.212" tests="7" errors="0" skipped="0" failures="0">
  <properties>
[...]
</properties>
  <testcase name="testCustomSpacingWidth" classname="com.example.demo.docgen.util.PlanComparisonTransformerTest" time="0.087">
    <system-out><![CDATA[✓ Matrix with 2-column spacing:

Comparison Matrix:
Row 0: [Benefit] [] [] [Plan A] [] [] [Plan B] 
Row 1: [Benefit 1] [] [] [A1] [] [] [B1] 
]]></system-out>
  </testcase>
  <testcase name="testInjectComparisonMatrixValuesOnly" classname="com.example.demo.docgen.util.PlanComparisonTransformerTest" time="0.01">
    <system-out><![CDATA[✓ Values-only matrix injected into template data:

Comparison Matrix:
Row 0: [] [P1] [] [P2] 
Row 1: [] [V1] [] [V2] 
]]></system-out>
  </testcase>
  <testcase name="testInjectComparisonMatrix" classname="com.example.demo.docgen.util.PlanComparisonTransformerTest" time="0.008">
    <system-out><![CDATA[✓ Matrix injected into template data:

Comparison Matrix:
Row 0: [Benefit] [] [Bronze] [] [Silver] 
Row 1: [Doctor Visit] [] [$40] [] [$20] 
Row 2: [Lab] [] [Covered] [] [Covered] 
]]></system-out>
  </testcase>
  <testcase name="testRealWorldInsuranceComparison" classname="com.example.demo.docgen.util.PlanComparisonTransformerTest" time="0.012">
    <system-out><![CDATA[
Comparison Matrix:
Row 0: [Benefit] [] [Standard] [] [Preferred] [] [Premium Plus] 
Row 1: [Doctor Visit] [] [$50 copay] [] [$25 copay] [] [$10 copay] 
Row 2: [ER Visit] [] [$250 copay] [] [$150 copay] [] [Covered 100%] 
Row 3: [Hospital Stay] [] [$1000 deductible] [] [$500 deductible] [] [$250 deductible] 
Row 4: [Prescription] [] [$15/$35 copay] [] [$10/$25 copay] [] [$5/$15 copay] 

Full data for template: {effectiveDate=March 1, 2026, comparisonMatrix=[[Benefit, , Standard, , Preferred, , Premium Plus], [Doctor Visit, , $50 copay, , $25 copay, , $10 copay], [ER Visit, , $250 copay, , $150 copay, , Covered 100%], [Hospital Stay, , $1000 deductible, , $500 deductible, , $250 deductible], [Prescription, , $15/$35 copay, , $10/$25 copay, , $5/$15 copay]], comparisonYear=2026}
]]></system-out>
  </testcase>
  <testcase name="testTransformPlansWithDifferentBenefitOrder" classname="com.example.demo.docgen.util.PlanComparisonTransformerTest" time="0.01">
    <system-out><![CDATA[✓ Matrix transformation successful:

Comparison Matrix:
Row 0: [Benefit] [] [Basic] [] [Premium] [] [Elite] 
Row 1: [Doctor Visits] [] [$20 copay] [] [Covered 100%] [] [Covered 100%] 
Row 2: [Prescriptions] [] [$10 copay] [] [$5 copay] [] [Free] 
Row 3: [Hospital] [] [20% coinsurance] [] [10% coinsurance] [] [0% coinsurance] 
Row 4: [Dental] [] [50% coverage] [] [80% coverage] [] [100% coverage] 
Row 5: [Vision] [] [$25 copay] [] [$10 copay] [] [Covered 100%] 
]]></system-out>
  </testcase>
  <testcase name="testTransformValuesOnlyMatrix" classname="com.example.demo.docgen.util.PlanComparisonTransformerTest" time="0.01">
    <system-out><![CDATA[✓ Values-only matrix produced correctly:

Comparison Matrix:
Row 0: [] [A] [] [B] 
Row 1: [] [1] [] [2] 
]]></system-out>
  </testcase>
  <testcase name="testTransformWithMissingBenefits" classname="com.example.demo.docgen.util.PlanComparisonTransformerTest" time="0.007">
    <system-out><![CDATA[✓ Matrix with missing benefits:

Comparison Matrix:
Row 0: [Benefit] [] [Plan A] [] [Plan B] 
Row 1: [Benefit 1] [] [Value A1] [] [Value B1] 
Row 2: [Benefit 2] [] [Value A2] [] [Value B2] 
Row 3: [Benefit 3] [] [] [] [Value B3] 
]]></system-out>
  </testcase>
</testsuite>