<?xml version="1.0" encoding="UTF-8"?>
<testsuite xmlns:xsi="http://www.w3.org/2001/XMLSchema-instance" xsi:noNamespaceSchemaLocation="https://maven.apache.org/surefire/maven-surefire-plugin/xsd/surefire-test-report-3.0.xsd" version="3.0" name="com.example.demo.docgen.service.GenerateTwoRowExcelSampleTest" time="7.26" tests="1" errors="0" skipped="0" failures="0">
  <properties>
[...]
</properties>
  <testcase name="generateSampleTwoRowExcel" classname="com.example.demo.docgen.service.GenerateTwoRowExcelSampleTest" time="2.199">
    <system-out><![CDATA[14:58:58.941 [main] INFO org.springframework.test.context.support.AnnotationConfigContextLoaderUtils -- Could not detect default configuration classes for test class [com.example.demo.docgen.service.GenerateTwoRowExcelSampleTest]: GenerateTwoRowExcelSampleTest does not declare any static, non-private, non-final, nested classes annotated with @Configuration.
14:58:59.276 [main] INFO org.springframework.boot.test.context.SpringBootTestContextBootstrapper -- Found @SpringBootConfiguration com.example.demo.DemoApplication for test class com.example.demo.docgen.service.GenerateTwoRowExcelSampleTest

  .   ____          _            __ _ _
 /\\ / ___'_ __ _ _(_)_ __  __ _ \ \ \ \
( ( )\___ | '_ | '_| | '_ \/ _` | \ \ \ \
 \\/  ___)| |_)| | | | | || (_| |  ) ) ) )
  '  |____| .__|_| |_|_| |_\__, | / / / /
 =========|_|==============|___/=/_/_/_/
 :: Spring Boot ::                (v3.2.2)

2026-02-25T14:58:59.986Z  INFO 125304 --- [           main] c.e.d.d.s.GenerateTwoRowExcelSampleTest  : Starting GenerateTwoRowExcelSampleTest using Java 17.0.18 with PID 125304 (started by codespace in /workspaces/poc-demos)
2026-02-25T14:58:59.988Z DEBUG 125304 --- [           main] c.e.d.d.s.GenerateTwoRowExcelSampleTest  : Running with Spring Boot v3.2.2, Spring v6.1.3
2026-02-25T14:58:59.989Z  INFO 125304 --- [           main] c.e.d.d.s.GenerateTwoRowExcelSampleTest  : The following 1 profile is active: "local"
2026-02-25T14:59:01.656Z  INFO 125304 --- [           main] o.s.cloud.context.scope.GenericScope     : BeanFactory id=9b077f37-dabd-302a-87f1-def8529b112f
2026-02-25T14:59:02.610Z  INFO 125304 --- [           main] c.e.d.docgen.viewmodel.ViewModelFactory  : Registered ViewModelBuilder: com.example.demo.docgen.viewmodel.InvoiceViewModelBuilder as InvoiceViewModel
2026-02-25T14:59:02.611Z  INFO 125304 --- [           main] c.e.d.docgen.viewmodel.ViewModelFactory  : Registered ViewModelBuilder: com.example.demo.docgen.viewmodel.MemberPlanViewModelBuilder as MemberPlanViewModel
2026-02-25T14:59:03.650Z  INFO 125304 --- [           main] c.e.d.d.s.GenerateTwoRowExcelSampleTest  : Started GenerateTwoRowExcelSampleTest in 4.221 seconds (process running for 5.789)
2026-02-25T14:59:03.655Z  INFO 125304 --- [           main] c.e.d.d.service.TemplateCacheWarmer      : Template cache warming skipped (no templates configured)
2026-02-25T14:59:04.704Z  INFO 125304 --- [           main] c.e.d.docgen.service.DocumentComposer    : Generating EXCEL with template: plan-comparison-two-row from namespace: common-templates
2026-02-25T14:59:04.705Z  INFO 125304 --- [           main] c.e.demo.docgen.service.TemplateLoader   : Loading template from namespace 'common-templates': plan-comparison-two-row (resolved)
2026-02-25T14:59:04.705Z DEBUG 125304 --- [           main] c.e.d.docgen.service.NamespaceResolver   : Resolving template in namespace 'common-templates': plan-comparison-two-row
2026-02-25T14:59:04.705Z  INFO 125304 --- [           main] c.e.demo.docgen.service.TemplateLoader   : Loading template (resolved): common-templates/templates/plan-comparison-two-row
2026-02-25T14:59:04.706Z  INFO 125304 --- [           main] c.e.demo.docgen.service.TemplateLoader   : Loaded template from classpath resource: common-templates/templates/plan-comparison-two-row.yaml
2026-02-25T14:59:04.850Z DEBUG 125304 --- [           main] c.e.d.docgen.service.DocumentComposer    : Using configured column spacing: 1
2026-02-25T14:59:04.851Z  INFO 125304 --- [           main] c.e.d.docgen.service.DocumentComposer    : Auto-transforming plan data into comparison matrix for plan-comparison-two-row template (spacing: 1, valuesOnly: false)
2026-02-25T14:59:04.853Z  INFO 125304 --- [           main] c.e.d.docgen.service.DocumentComposer    : Plan comparison matrix auto-injection complete. Matrix dimensions: 4 rows x 5 columns
2026-02-25T14:59:04.856Z  INFO 125304 --- [           main] c.e.d.d.renderer.ExcelSectionRenderer    : Rendering Excel workbook: plan_comparison_two_row with template: comparison-template.xlsx
2026-02-25T14:59:04.856Z DEBUG 125304 --- [           main] c.e.d.docgen.service.NamespaceResolver   : Resolving template in namespace 'common-templates': comparison-template.xlsx
2026-02-25T14:59:04.857Z DEBUG 125304 --- [           main] c.e.d.d.renderer.ExcelSectionRenderer    : Resolved Excel template path: comparison-template.xlsx -> common-templates/templates/comparison-template.xlsx
2026-02-25T14:59:04.857Z  INFO 125304 --- [           main] c.e.d.d.renderer.ExcelSectionRenderer    : Loading Excel template from TemplateLoader: common-templates/templates/comparison-template.xlsx
2026-02-25T14:59:04.863Z DEBUG 125304 --- [           main] c.e.demo.docgen.service.TemplateLoader   : getResourceBytes called: path='common-templates/templates/comparison-template.xlsx', remoteEnabled=true, cacheEnabled=false, configServerUri=''
2026-02-25T14:59:04.864Z  INFO 125304 --- [           main] c.e.demo.docgen.service.TemplateLoader   : Fetching raw resource: common-templates/templates/comparison-template.xlsx
2026-02-25T14:59:04.864Z  INFO 125304 --- [           main] c.e.demo.docgen.service.TemplateLoader   : Loaded template from classpath resource: common-templates/templates/comparison-template.xlsx
2026-02-25T14:59:05.623Z DEBUG 125304 --- [           main] c.e.d.d.renderer.ExcelSectionRenderer    : Excel workbook rendered and stored in context.
Wrote sample Excel to: /workspaces/poc-demos/docs/sample-two-row.xlsx
]]></system-out>
  </testcase>
</testsuite>